CRITICAL - 2024-04-13 08:21:03 --> You must set the database table to be used with your query.
#0 C:\BARANG ERP\ERP\system\Model.php(545): CodeIgniter\Database\BaseConnection->table(NULL)
#1 C:\BARANG ERP\ERP\system\Model.php(722): CodeIgniter\Model->builder()
#2 C:\BARANG ERP\ERP\app\Controllers\Koperasi.php(448): CodeIgniter\Model->__call('filter_b', Array)
#3 C:\BARANG ERP\ERP\system\CodeIgniter.php(832): App\Controllers\Koperasi->cari_b()
#4 C:\BARANG ERP\ERP\system\CodeIgniter.php(419): CodeIgniter\CodeIgniter->runController(Object(App\Controllers\Koperasi))
#5 C:\BARANG ERP\ERP\system\CodeIgniter.php(326): CodeIgniter\CodeIgniter->handleRequest(NULL, Object(Config\Cache), false)
#6 C:\BARANG ERP\ERP\public\index.php(37): CodeIgniter\CodeIgniter->run()
#7 C:\BARANG ERP\ERP\system\Commands\Server\rewrite.php(43): require_once('C:\\BARANG ERP\\E...')
#8 {main}
ERROR - 2024-04-13 08:25:06 --> Unknown column 'karyawan.id_user' in 'on clause'
CRITICAL - 2024-04-13 08:25:06 --> Call to a member function getResult() on bool
#0 C:\BARANG ERP\ERP\app\Controllers\Koperasi.php(448): App\Models\M_model->filter_b('barang', '2019-12-29', '2024-04-24')
#1 C:\BARANG ERP\ERP\system\CodeIgniter.php(832): App\Controllers\Koperasi->cari_b()
#2 C:\BARANG ERP\ERP\system\CodeIgniter.php(419): CodeIgniter\CodeIgniter->runController(Object(App\Controllers\Koperasi))
#3 C:\BARANG ERP\ERP\system\CodeIgniter.php(326): CodeIgniter\CodeIgniter->handleRequest(NULL, Object(Config\Cache), false)
#4 C:\BARANG ERP\ERP\public\index.php(37): CodeIgniter\CodeIgniter->run()
#5 C:\BARANG ERP\ERP\system\Commands\Server\rewrite.php(43): require_once('C:\\BARANG ERP\\E...')
#6 {main}
ERROR - 2024-04-13 08:37:27 --> Unknown column 'students.id_user' in 'on clause'
CRITICAL - 2024-04-13 08:37:27 --> Call to a member function getResult() on bool
#0 C:\BARANG ERP\ERP\app\Controllers\Peminjaman.php(30): App\Models\M_model->super('peminjaman', 'buku', 'students', 'peminjaman.buku...', 'peminjaman.user...')
#1 C:\BARANG ERP\ERP\system\CodeIgniter.php(832): App\Controllers\Peminjaman->index()
#2 C:\BARANG ERP\ERP\system\CodeIgniter.php(419): CodeIgniter\CodeIgniter->runController(Object(App\Controllers\Peminjaman))
#3 C:\BARANG ERP\ERP\system\CodeIgniter.php(326): CodeIgniter\CodeIgniter->handleRequest(NULL, Object(Config\Cache), false)
#4 C:\BARANG ERP\ERP\public\index.php(37): CodeIgniter\CodeIgniter->run()
#5 C:\BARANG ERP\ERP\system\Commands\Server\rewrite.php(43): require_once('C:\\BARANG ERP\\E...')
#6 {main}
ERROR - 2024-04-13 08:39:32 --> Column 'log_idUser' cannot be null
CRITICAL - 2024-04-13 08:46:52 --> You must set the database table to be used with your query.
#0 C:\BARANG ERP\ERP\system\Model.php(545): CodeIgniter\Database\BaseConnection->table(NULL)
#1 C:\BARANG ERP\ERP\system\Model.php(722): CodeIgniter\Model->builder()
#2 C:\BARANG ERP\ERP\app\Controllers\BukuController.php(48): CodeIgniter\Model->__call('relasiKategori', Array)
#3 C:\BARANG ERP\ERP\system\CodeIgniter.php(832): App\Controllers\BukuController->index()
#4 C:\BARANG ERP\ERP\system\CodeIgniter.php(419): CodeIgniter\CodeIgniter->runController(Object(App\Controllers\BukuController))
#5 C:\BARANG ERP\ERP\system\CodeIgniter.php(326): CodeIgniter\CodeIgniter->handleRequest(NULL, Object(Config\Cache), false)
#6 C:\BARANG ERP\ERP\public\index.php(37): CodeIgniter\CodeIgniter->run()
#7 C:\BARANG ERP\ERP\system\Commands\Server\rewrite.php(43): require_once('C:\\BARANG ERP\\E...')
#8 {main}
CRITICAL - 2024-04-13 08:47:45 --> You must set the database table to be used with your query.
#0 C:\BARANG ERP\ERP\system\Model.php(545): CodeIgniter\Database\BaseConnection->table(NULL)
#1 C:\BARANG ERP\ERP\system\Model.php(722): CodeIgniter\Model->builder()
#2 C:\BARANG ERP\ERP\app\Controllers\BukuController.php(48): CodeIgniter\Model->__call('relasiKategori', Array)
#3 C:\BARANG ERP\ERP\system\CodeIgniter.php(832): App\Controllers\BukuController->index()
#4 C:\BARANG ERP\ERP\system\CodeIgniter.php(419): CodeIgniter\CodeIgniter->runController(Object(App\Controllers\BukuController))
#5 C:\BARANG ERP\ERP\system\CodeIgniter.php(326): CodeIgniter\CodeIgniter->handleRequest(NULL, Object(Config\Cache), false)
#6 C:\BARANG ERP\ERP\public\index.php(37): CodeIgniter\CodeIgniter->run()
#7 C:\BARANG ERP\ERP\system\Commands\Server\rewrite.php(43): require_once('C:\\BARANG ERP\\E...')
#8 {main}
ERROR - 2024-04-13 08:54:21 --> Table 'erp.user' doesn't exist
CRITICAL - 2024-04-13 08:54:21 --> Call to a member function getResult() on bool
#0 C:\BARANG ERP\ERP\app\Controllers\BukuController.php(202): App\Models\M_model->super_w('ulasanbuku', 'buku', 'user', 'ulasanbuku.buku...', 'ulasanbuku.user...', Array)
#1 C:\BARANG ERP\ERP\system\CodeIgniter.php(832): App\Controllers\BukuController->ulasan('9')
#2 C:\BARANG ERP\ERP\system\CodeIgniter.php(419): CodeIgniter\CodeIgniter->runController(Object(App\Controllers\BukuController))
#3 C:\BARANG ERP\ERP\system\CodeIgniter.php(326): CodeIgniter\CodeIgniter->handleRequest(NULL, Object(Config\Cache), false)
#4 C:\BARANG ERP\ERP\public\index.php(37): CodeIgniter\CodeIgniter->run()
#5 C:\BARANG ERP\ERP\system\Commands\Server\rewrite.php(43): require_once('C:\\BARANG ERP\\E...')
#6 {main}
ERROR - 2024-04-13 08:58:54 --> Column 'log_idUser' cannot be null
CRITICAL - 2024-04-13 09:37:10 --> Invalid file: viewerp/layout/head.php
#0 C:\BARANG ERP\ERP\system\View\View.php(198): CodeIgniter\Exceptions\FrameworkException::forInvalidFile('viewerp/layout/...')
#1 C:\BARANG ERP\ERP\system\Common.php(1089): CodeIgniter\View\View->render('viewerp/layout/...', Array, true)
#2 C:\BARANG ERP\ERP\app\Views\viewujian\users\profile.php(1): view('viewerp/layout/...')
#3 C:\BARANG ERP\ERP\system\View\View.php(210): include('C:\\BARANG ERP\\E...')
#4 C:\BARANG ERP\ERP\system\View\View.php(213): CodeIgniter\View\View->CodeIgniter\View\{closure}()
#5 C:\BARANG ERP\ERP\system\Common.php(1089): CodeIgniter\View\View->render('viewujian/users...', Array, true)
#6 C:\BARANG ERP\ERP\app\Controllers\Profile.php(47): view('viewujian/users...', Array)
#7 C:\BARANG ERP\ERP\system\CodeIgniter.php(832): App\Controllers\Profile->index()
#8 C:\BARANG ERP\ERP\system\CodeIgniter.php(419): CodeIgniter\CodeIgniter->runController(Object(App\Controllers\Profile))
#9 C:\BARANG ERP\ERP\system\CodeIgniter.php(326): CodeIgniter\CodeIgniter->handleRequest(NULL, Object(Config\Cache), false)
#10 C:\BARANG ERP\ERP\public\index.php(37): CodeIgniter\CodeIgniter->run()
#11 C:\BARANG ERP\ERP\system\Commands\Server\rewrite.php(43): require_once('C:\\BARANG ERP\\E...')
#12 {main}
